<?xml version="1.0" encoding="UTF-8"?>
<!-- Generated by org.testng.reporters.JUnitReportReporter -->
<testsuite skipped="0" hostname="OlasunkanmisMBP.home" name="com.zonedigital.qa.testCases.EastEndersLandingPageTest" tests="1" failures="0" timestamp="01 Jul 2018 07:21:25 GMT" time="8.593" errors="0">
  <testcase name="verifyNextDateTest" time="8.593" classname="com.zonedigital.qa.testCases.EastEndersLandingPageTest"/>
</testsuite> <!-- com.zonedigital.qa.testCases.EastEndersLandingPageTest -->
